<?xml version="1.0" encoding="UTF-8"?>
<testsuite xmlns:xsi="http://www.w3.org/2001/XMLSchema-instance" xsi:noNamespaceSchemaLocation="https://maven.apache.org/surefire/maven-surefire-plugin/xsd/surefire-test-report-3.0.xsd" version="3.0" name="com.mtgs.datastructurealgorithm.array.BinarySearchTest" time="0.057" tests="4" errors="0" skipped="0" failures="0">
  <properties>
    <property name="sun.desktop" value="windows"/>
    <property name="awt.toolkit" value="sun.awt.windows.WToolkit"/>
    <property name="java.specification.version" value="11"/>
    <property name="sun.cpu.isalist" value="amd64"/>
    <property name="sun.jnu.encoding" value="Cp1252"/>
    <property name="java.class.path" value="C:\home\MTGS\DataStructureAlgorithm\target\test-classes;C:\home\MTGS\DataStructureAlgorithm\target\classes;C:\Users\May Thagyan.PF2L93JW-PC\.m2\repository\org\junit\jupiter\junit-jupiter-engine\5.9.1\junit-jupiter-engine-5.9.1.jar;C:\Users\May Thagyan.PF2L93JW-PC\.m2\repository\org\junit\platform\junit-platform-engine\1.9.1\junit-platform-engine-1.9.1.jar;C:\Users\May Thagyan.PF2L93JW-PC\.m2\repository\org\apiguardian\apiguardian-api\1.1.2\apiguardian-api-1.1.2.jar;C:\Users\May Thagyan.PF2L93JW-PC\.m2\repository\org\junit\jupiter\junit-jupiter-api\5.9.1\junit-jupiter-api-5.9.1.jar;C:\Users\May Thagyan.PF2L93JW-PC\.m2\repository\org\opentest4j\opentest4j\1.2.0\opentest4j-1.2.0.jar;C:\Users\May Thagyan.PF2L93JW-PC\.m2\repository\org\junit\platform\junit-platform-commons\1.9.1\junit-platform-commons-1.9.1.jar;C:\Users\May Thagyan.PF2L93JW-PC\.m2\repository\org\junit\jupiter\junit-jupiter-params\5.9.1\junit-jupiter-params-5.9.1.jar;C:\Users\May Thagyan.PF2L93JW-PC\.m2\repository\org\junit\platform\junit-platform-suite\1.9.1\junit-platform-suite-1.9.1.jar;C:\Users\May Thagyan.PF2L93JW-PC\.m2\repository\org\junit\platform\junit-platform-suite-api\1.9.1\junit-platform-suite-api-1.9.1.jar;C:\Users\May Thagyan.PF2L93JW-PC\.m2\repository\org\junit\platform\junit-platform-suite-engine\1.9.1\junit-platform-suite-engine-1.9.1.jar;C:\Users\May Thagyan.PF2L93JW-PC\.m2\repository\org\junit\platform\junit-platform-suite-commons\1.9.1\junit-platform-suite-commons-1.9.1.jar;C:\Users\May Thagyan.PF2L93JW-PC\.m2\repository\org\junit\platform\junit-platform-launcher\1.9.1\junit-platform-launcher-1.9.1.jar;"/>
    <property name="java.vm.vendor" value="Oracle Corporation"/>
    <property name="sun.arch.data.model" value="64"/>
    <property name="user.variant" value=""/>
    <property name="java.vendor.url" value="https://openjdk.java.net/"/>
    <property name="user.timezone" value="Asia/Singapore"/>
    <property name="java.vm.specification.version" value="11"/>
    <property name="os.name" value="Windows 11"/>
    <property name="user.country" value="US"/>
    <property name="sun.java.launcher" value="SUN_STANDARD"/>
    <property name="sun.boot.library.path" value="C:\opt\jdk-11\bin"/>
    <property name="sun.java.command" value="C:\Users\May Thagyan.PF2L93JW-PC\AppData\Local\Temp\surefire10261041331660711587\surefirebooter-20241022111928252_3.jar C:\Users\May Thagyan.PF2L93JW-PC\AppData\Local\Temp\surefire10261041331660711587 2024-10-22T11-19-27_885-jvmRun1 surefire-20241022111928252_1tmp surefire_0-20241022111928252_2tmp"/>
    <property name="jdk.debug" value="release"/>
    <property name="test" value="com.mtgs.datastructurealgorithm.array.BinarySearchTest"/>
    <property name="surefire.test.class.path" value="C:\home\MTGS\DataStructureAlgorithm\target\test-classes;C:\home\MTGS\DataStructureAlgorithm\target\classes;C:\Users\May Thagyan.PF2L93JW-PC\.m2\repository\org\junit\jupiter\junit-jupiter-engine\5.9.1\junit-jupiter-engine-5.9.1.jar;C:\Users\May Thagyan.PF2L93JW-PC\.m2\repository\org\junit\platform\junit-platform-engine\1.9.1\junit-platform-engine-1.9.1.jar;C:\Users\May Thagyan.PF2L93JW-PC\.m2\repository\org\apiguardian\apiguardian-api\1.1.2\apiguardian-api-1.1.2.jar;C:\Users\May Thagyan.PF2L93JW-PC\.m2\repository\org\junit\jupiter\junit-jupiter-api\5.9.1\junit-jupiter-api-5.9.1.jar;C:\Users\May Thagyan.PF2L93JW-PC\.m2\repository\org\opentest4j\opentest4j\1.2.0\opentest4j-1.2.0.jar;C:\Users\May Thagyan.PF2L93JW-PC\.m2\repository\org\junit\platform\junit-platform-commons\1.9.1\junit-platform-commons-1.9.1.jar;C:\Users\May Thagyan.PF2L93JW-PC\.m2\repository\org\junit\jupiter\junit-jupiter-params\5.9.1\junit-jupiter-params-5.9.1.jar;C:\Users\May Thagyan.PF2L93JW-PC\.m2\repository\org\junit\platform\junit-platform-suite\1.9.1\junit-platform-suite-1.9.1.jar;C:\Users\May Thagyan.PF2L93JW-PC\.m2\repository\org\junit\platform\junit-platform-suite-api\1.9.1\junit-platform-suite-api-1.9.1.jar;C:\Users\May Thagyan.PF2L93JW-PC\.m2\repository\org\junit\platform\junit-platform-suite-engine\1.9.1\junit-platform-suite-engine-1.9.1.jar;C:\Users\May Thagyan.PF2L93JW-PC\.m2\repository\org\junit\platform\junit-platform-suite-commons\1.9.1\junit-platform-suite-commons-1.9.1.jar;C:\Users\May Thagyan.PF2L93JW-PC\.m2\repository\org\junit\platform\junit-platform-launcher\1.9.1\junit-platform-launcher-1.9.1.jar;"/>
    <property name="sun.cpu.endian" value="little"/>
    <property name="user.home" value="C:\Users\May Thagyan.PF2L93JW-PC"/>
    <property name="user.language" value="en"/>
    <property name="java.specification.vendor" value="Oracle Corporation"/>
    <property name="java.version.date" value="2023-10-17"/>
    <property name="java.home" value="C:\opt\jdk-11"/>
    <property name="file.separator" value="\"/>
    <property name="basedir" value="C:\home\MTGS\DataStructureAlgorithm"/>
    <property name="java.vm.compressedOopsMode" value="32-bit"/>
    <property name="line.separator" value="&#10;"/>
    <property name="java.specification.name" value="Java Platform API Specification"/>
    <property name="java.vm.specification.vendor" value="Oracle Corporation"/>
    <property name="java.awt.graphicsenv" value="sun.awt.Win32GraphicsEnvironment"/>
    <property name="surefire.real.class.path" value="C:\Users\May Thagyan.PF2L93JW-PC\AppData\Local\Temp\surefire10261041331660711587\surefirebooter-20241022111928252_3.jar"/>
    <property name="user.script" value=""/>
    <property name="sun.management.compiler" value="HotSpot 64-Bit Tiered Compilers"/>
    <property name="java.runtime.version" value="11.0.21+9-LTS-193"/>
    <property name="user.name" value="May Thagyan"/>
    <property name="path.separator" value=";"/>
    <property name="os.version" value="10.0"/>
    <property name="java.runtime.name" value="Java(TM) SE Runtime Environment"/>
    <property name="file.encoding" value="Cp1252"/>
    <property name="java.vm.name" value="Java HotSpot(TM) 64-Bit Server VM"/>
    <property name="java.vendor.version" value="18.9"/>
    <property name="maven.ext.class.path" value="C:\Program Files\NetBeans-22\netbeans\java\maven-nblib\netbeans-eventspy.jar;C:\Program Files\NetBeans-22\netbeans\java\maven-nblib\netbeans-eventspy.jar"/>
    <property name="localRepository" value="C:\Users\May Thagyan.PF2L93JW-PC\.m2\repository"/>
    <property name="java.vendor.url.bug" value="https://bugreport.java.com/bugreport/"/>
    <property name="java.io.tmpdir" value="C:\Users\MAYTHA~1.PF2\AppData\Local\Temp\"/>
    <property name="java.version" value="11.0.21"/>
    <property name="user.dir" value="C:\home\MTGS\DataStructureAlgorithm"/>
    <property name="os.arch" value="amd64"/>
    <property name="java.vm.specification.name" value="Java Virtual Machine Specification"/>
    <property name="java.awt.printerjob" value="sun.awt.windows.WPrinterJob"/>
    <property name="sun.os.patch.level" value=""/>
    <property name="java.library.path" value="C:\opt\jdk-11\bin;C:\WINDOWS\Sun\Java\bin;C:\WINDOWS\system32;C:\WINDOWS;C:\WINDOWS\system32;C:\WINDOWS;C:\WINDOWS\System32\Wbem;C:\WINDOWS\System32\WindowsPowerShell\v1.0\;C:\WINDOWS\System32\OpenSSH\;C:\Program Files\Docker\Docker\resources\bin;C:\Program Files\nodejs\;C:\Program Files\nodejs;C:\Users\May Thagyan.PF2L93JW-PC\AppData\Local\Programs\Python\Python312;C:\Users\May Thagyan.PF2L93JW-PC\AppData\Local\Programs\Python\Launcher\;C:\opt\ant\bin;C:\opt\jdk-21\bin;C:\opt\maven\bin;C:\Users\May Thagyan.PF2L93JW-PC\AppData\Local\Microsoft\WindowsApps;C:\Users\May Thagyan.PF2L93JW-PC\AppData\Local\Programs\Git\cmd;C:\Users\May Thagyan.PF2L93JW-PC\AppData\Local\Programs\Microsoft VS Code\bin;C:\Users\May Thagyan.PF2L93JW-PC\AppData\Roaming\npm;."/>
    <property name="java.vendor" value="Oracle Corporation"/>
    <property name="java.vm.info" value="mixed mode"/>
    <property name="java.vm.version" value="11.0.21+9-LTS-193"/>
    <property name="java.specification.maintenance.version" value="2"/>
    <property name="sun.io.unicode.encoding" value="UnicodeLittle"/>
    <property name="java.class.version" value="55.0"/>
  </properties>
  <testcase name="testBinarySearchWorstCase1" classname="com.mtgs.datastructurealgorithm.array.BinarySearchTest" time="0.029"/>
  <testcase name="testBinarySearchWorstCase2" classname="com.mtgs.datastructurealgorithm.array.BinarySearchTest" time="0.001"/>
  <testcase name="testBinarySearchAverage" classname="com.mtgs.datastructurealgorithm.array.BinarySearchTest" time="0.001"/>
  <testcase name="testBinarySearch" classname="com.mtgs.datastructurealgorithm.array.BinarySearchTest" time="0.001"/>
</testsuite>